2024-08-08 12:02:49,824 : INFO : root : Loading config.
2024-08-08 12:02:49,840 : INFO : YamlMultifileConfigLoader : Machine config file #1: config.yaml
2024-08-08 12:02:49,840 : INFO : ConfigProcessor : Loading config from cache: C:\Users\ADMINI~1\AppData\Local\Temp\d93f11098da03acf313c0066368a80b1.mpf_cache
2024-08-08 12:02:50,059 : INFO : ConfigProcessor : Loading config from cache: C:\Users\ADMINI~1\AppData\Local\Temp\0bcb37c30ff47ef8ec2169c2e41eeddb.mpf_cache
2024-08-08 12:02:50,059 : INFO : ConfigProcessor : Loading config from cache: C:\Users\ADMINI~1\AppData\Local\Temp\f558dafc0148e68b941b469aaf97a31f.mpf_cache
2024-08-08 12:02:50,059 : INFO : ConfigProcessor : Loading config from cache: C:\Users\ADMINI~1\AppData\Local\Temp\f5cace07203beba71e997aa2de21342e.mpf_cache
2024-08-08 12:02:50,059 : INFO : Machine : Mission Pinball Framework Core Engine v0.80.0.dev4
2024-08-08 12:02:50,059 : INFO : Machine : Command line arguments: {'no_load_cache': False, 'create_config_cache': True, 'bcp': True, 'configfile': ['config.yaml'], 'force_assets_load': False, 'platform_integration_test': False, 'jsonlogging': False, 'logfile': 'logs\\2024-08-08-12-02-49-mpf-WIN-HGB6PEKP7M6.log', 'pause': False, 'production': False, 'text_ui': True, 'loglevel': 15, 'consoleloglevel': 20, 'force_platform': None, 'syslog_address': None, 'mc_file_name': None, 'no_sound': False, 'full_logfile_path': 'C:\\dev\\mpf-cookiepuss\\logs\\2024-08-08-12-02-49-mpf-WIN-HGB6PEKP7M6.log'}
2024-08-08 12:02:50,059 : INFO : Machine : MPF path: C:\Users\Administrator\AppData\Local\Programs\Python\Python312\Lib\site-packages\mpf
2024-08-08 12:02:50,059 : INFO : Machine : Machine path: C:\dev\mpf-cookiepuss
2024-08-08 12:02:50,059 : INFO : Machine : Platform: win32
2024-08-08 12:02:50,059 : INFO : Machine : Python executable location: C:\Users\Administrator\AppData\Local\Programs\Python\Python312\python.exe
2024-08-08 12:02:50,059 : INFO : Machine : Python version: 3.12.4 (64-bit)
2024-08-08 12:02:50,074 : INFO : Machine : Initializing MPF...
2024-08-08 12:02:50,558 : INFO : FAST : Auto-detecting ports for the following connections: ['net']
2024-08-08 12:02:50,605 : INFO : FAST : Detected NET on port COM6
2024-08-08 12:02:50,715 : INFO : FAST [NET] : Trying to connect to COM6 at 921600bps
2024-08-08 12:02:50,715 : INFO : FAST [NET] : Connected to COM6 at 921600bps
2024-08-08 12:02:50,746 : INFO : FAST [NET] : Connected to FP-CPU-2000 with firmware v02.13
2024-08-08 12:02:50,777 : INFO : FAST [NET] : Registered I/O Board 0: Model: FP-I/O-0024, Firmware: 01.10, Switches: 24, Drivers: 8
2024-08-08 12:02:50,777 : INFO : FAST [NET] : Registered I/O Board 1: Model: FP-I/O-3208, Firmware: 01.10, Switches: 32, Drivers: 8
2024-08-08 12:02:50,793 : INFO : FAST [NET] : Registered I/O Board 2: Model: FP-I/O-0804, Firmware: 01.09, Switches: 8, Drivers: 4
2024-08-08 12:02:50,793 : INFO : EventManager : Event: ======'machine_var_credits_string'====== Args={'value': 'FREE PLAY', 'prev_value': None, 'change': True}
2024-08-08 12:02:50,855 : INFO : EventManager : Event: ======'machine_var_master_volume'====== Args={'value': 0.5, 'prev_value': None, 'change': True}
2024-08-08 12:02:50,855 : INFO : EventManager : Event: ======'machine_var_player1_score'====== Args={'value': 46225, 'prev_value': None, 'change': True}
2024-08-08 12:02:50,855 : INFO : EventManager : Event: ======'machine_var_mpf_version'====== Args={'value': 'Mission Pinball Framework v0.80.0.dev4', 'prev_value': None, 'change': True}
2024-08-08 12:02:50,855 : INFO : EventManager : Event: ======'machine_var_mpf_extended_version'====== Args={'value': 'Mission Pinball Framework v0.80.0.dev4, Config version:6, Show version: 6, BCP version:1.1', 'prev_value': None, 'change': True}
2024-08-08 12:02:50,855 : INFO : EventManager : Event: ======'machine_var_python_version'====== Args={'value': '3.12.4', 'prev_value': None, 'change': True}
2024-08-08 12:02:51,075 : INFO : EventManager : Event: ======'machine_var_platform'====== Args={'value': 'Windows-11-10.0.22631-SP0', 'prev_value': None, 'change': True}
2024-08-08 12:02:51,075 : INFO : EventManager : Event: ======'machine_var_platform_system'====== Args={'value': 'Windows', 'prev_value': None, 'change': True}
2024-08-08 12:02:51,075 : INFO : EventManager : Event: ======'machine_var_platform_release'====== Args={'value': '11', 'prev_value': None, 'change': True}
2024-08-08 12:02:51,075 : INFO : EventManager : Event: ======'machine_var_platform_version'====== Args={'value': '10.0.22631', 'prev_value': None, 'change': True}
2024-08-08 12:02:51,075 : INFO : EventManager : Event: ======'machine_var_platform_machine'====== Args={'value': 'AMD64', 'prev_value': None, 'change': True}
2024-08-08 12:02:51,075 : INFO : EventManager : Event: ======'machine_var_log_file_path'====== Args={'value': 'C:\\dev\\mpf-cookiepuss\\logs\\2024-08-08-12-02-49-mpf-WIN-HGB6PEKP7M6.log', 'prev_value': None, 'change': True}
2024-08-08 12:02:51,075 : INFO : EventManager : Event: ======'init_phase_1'====== Args={}
2024-08-08 12:02:53,342 : WARNING : Machine : Iterating device collections directly is deprecated and will be removed. Access by value(): device_collections[switches] -> device_collections['switches'].values()
2024-08-08 12:02:53,342 : INFO : SwitchController : <<<<<<< 's_trough1' active >>>>>>>
2024-08-08 12:02:53,342 : INFO : SwitchController : <<<<<<< 's_plunger' active >>>>>>>
2024-08-08 12:02:53,342 : INFO : EventManager : Event: ======'init_phase_2'====== Args={}
2024-08-08 12:02:53,342 : INFO : SwitchController : Found active switch: (24, [FAST Platform Interface]) <switch.s_trough1>
2024-08-08 12:02:53,342 : INFO : SwitchController : Found active switch: (31, [FAST Platform Interface]) <switch.s_plunger>
2024-08-08 12:02:53,358 : INFO : EventManager : Event: ======'bcp_connection_attempt'====== Args={'name': 'local_display', 'host': 'localhost', 'port': 5050}
2024-08-08 12:02:53,358 : INFO : BCPClientSocket : Connecting BCP to 'local_display' at localhost:5050...
2024-08-08 12:03:03,288 : INFO : Machine : Starting the main run loop.
2024-08-08 12:03:03,288 : INFO : Machine : Shutting down...
2024-08-08 12:03:03,288 : INFO : EventManager : Event: ======'shutdown'====== Args={}
2024-08-08 12:03:04,413 : INFO : root : MPF run loop ended.
