2024-08-06 10:35:59,159 : INFO : root : Loading config.
2024-08-06 10:35:59,379 : INFO : ConfigProcessor : Config spec file cache created: C:\Users\ADMINI~1\AppData\Local\Temp\config_spec.mpf_cache
2024-08-06 10:35:59,379 : INFO : YamlMultifileConfigLoader : Machine config file #1: config.yaml
2024-08-06 10:35:59,379 : INFO : ConfigProcessor : Loading config from file C:\Users\Administrator\AppData\Local\Programs\Python\Python312\Lib\site-packages\mpf\mpfconfig.yaml.
2024-08-06 10:35:59,410 : INFO : ConfigProcessor : Loading config: C:\Users\Administrator\AppData\Local\Programs\Python\Python312\Lib\site-packages\mpf\mpfconfig.yaml
2024-08-06 10:35:59,410 : INFO : ConfigProcessor : Loading config from file C:\dev\mpf-cookiepuss\config\config.yaml.
2024-08-06 10:35:59,426 : INFO : ConfigProcessor : Loading config: C:\dev\mpf-cookiepuss\config\config.yaml
2024-08-06 10:35:59,442 : INFO : ConfigProcessor : Config file cache created: C:\Users\ADMINI~1\AppData\Local\Temp\d93f11098da03acf313c0066368a80b1.mpf_cache
2024-08-06 10:35:59,904 : INFO : ConfigProcessor : Loading config from file C:\Users\Administrator\AppData\Local\Programs\Python\Python312\Lib\site-packages\mpf\modes\attract\config\attract.yaml.
2024-08-06 10:35:59,904 : INFO : ConfigProcessor : Loading config: C:\Users\Administrator\AppData\Local\Programs\Python\Python312\Lib\site-packages\mpf\modes\attract\config\attract.yaml
2024-08-06 10:35:59,904 : INFO : ConfigProcessor : Config file cache created: C:\Users\ADMINI~1\AppData\Local\Temp\0bcb37c30ff47ef8ec2169c2e41eeddb.mpf_cache
2024-08-06 10:35:59,915 : INFO : ConfigProcessor : Loading config from file C:\Users\Administrator\AppData\Local\Programs\Python\Python312\Lib\site-packages\mpf\modes\game\config\game.yaml.
2024-08-06 10:35:59,915 : INFO : ConfigProcessor : Loading config: C:\Users\Administrator\AppData\Local\Programs\Python\Python312\Lib\site-packages\mpf\modes\game\config\game.yaml
2024-08-06 10:35:59,915 : INFO : ConfigProcessor : Config file cache created: C:\Users\ADMINI~1\AppData\Local\Temp\f558dafc0148e68b941b469aaf97a31f.mpf_cache
2024-08-06 10:35:59,915 : INFO : ConfigProcessor : Loading config from file C:\dev\mpf-cookiepuss\modes\base\config\base.yaml.
2024-08-06 10:35:59,915 : INFO : ConfigProcessor : Loading config: C:\dev\mpf-cookiepuss\modes\base\config\base.yaml
2024-08-06 10:35:59,915 : INFO : ConfigProcessor : Config file cache created: C:\Users\ADMINI~1\AppData\Local\Temp\f5cace07203beba71e997aa2de21342e.mpf_cache
2024-08-06 10:35:59,915 : INFO : Machine : Mission Pinball Framework Core Engine v0.80.0.dev4
2024-08-06 10:35:59,915 : INFO : Machine : Command line arguments: {'no_load_cache': False, 'create_config_cache': True, 'bcp': False, 'configfile': ['config.yaml'], 'force_assets_load': False, 'platform_integration_test': False, 'jsonlogging': False, 'logfile': 'logs\\2024-08-06-10-35-59-mpf-WIN-HGB6PEKP7M6.log', 'pause': False, 'production': False, 'text_ui': True, 'loglevel': 15, 'consoleloglevel': 20, 'force_platform': None, 'syslog_address': None, 'mc_file_name': None, 'no_sound': False, 'full_logfile_path': 'C:\\dev\\mpf-cookiepuss\\logs\\2024-08-06-10-35-59-mpf-WIN-HGB6PEKP7M6.log'}
2024-08-06 10:35:59,915 : INFO : Machine : MPF path: C:\Users\Administrator\AppData\Local\Programs\Python\Python312\Lib\site-packages\mpf
2024-08-06 10:35:59,915 : INFO : Machine : Machine path: C:\dev\mpf-cookiepuss
2024-08-06 10:35:59,915 : INFO : Machine : Platform: win32
2024-08-06 10:35:59,915 : INFO : Machine : Python executable location: C:\Users\Administrator\AppData\Local\Programs\Python\Python312\python.exe
2024-08-06 10:35:59,915 : INFO : Machine : Python version: 3.12.4 (64-bit)
2024-08-06 10:35:59,931 : INFO : Machine : Initializing MPF...
2024-08-06 10:36:00,606 : INFO : FAST : Auto-detecting ports for the following connections: ['net']
2024-08-06 10:36:00,668 : INFO : FAST : Detected NET on port COM6
2024-08-06 10:36:00,778 : INFO : FAST [NET] : Trying to connect to COM6 at 921600bps
2024-08-06 10:36:00,778 : INFO : FAST [NET] : Connected to COM6 at 921600bps
2024-08-06 10:36:00,825 : INFO : FAST [NET] : Connected to FP-CPU-2000 with firmware v02.13
2024-08-06 10:36:00,856 : INFO : FAST [NET] : Registered I/O Board 0: Model: FP-I/O-0024, Firmware: 01.10, Switches: 24, Drivers: 8
2024-08-06 10:36:00,872 : INFO : FAST [NET] : Registered I/O Board 1: Model: FP-I/O-3208, Firmware: 01.10, Switches: 32, Drivers: 8
2024-08-06 10:36:00,888 : INFO : FAST [NET] : Registered I/O Board 2: Model: FP-I/O-0804, Firmware: 01.09, Switches: 8, Drivers: 4
2024-08-06 10:36:00,888 : INFO : EventManager : Event: ======'machine_var_credits_string'====== Args={'value': 'FREE PLAY', 'prev_value': None, 'change': True}
2024-08-06 10:36:00,935 : INFO : EventManager : Event: ======'machine_var_master_volume'====== Args={'value': 0.5, 'prev_value': None, 'change': True}
2024-08-06 10:36:00,935 : INFO : EventManager : Event: ======'machine_var_player1_score'====== Args={'value': 425, 'prev_value': None, 'change': True}
2024-08-06 10:36:00,935 : INFO : EventManager : Event: ======'machine_var_mpf_version'====== Args={'value': 'Mission Pinball Framework v0.80.0.dev4', 'prev_value': None, 'change': True}
2024-08-06 10:36:00,935 : INFO : EventManager : Event: ======'machine_var_mpf_extended_version'====== Args={'value': 'Mission Pinball Framework v0.80.0.dev4, Config version:6, Show version: 6, BCP version:1.1', 'prev_value': None, 'change': True}
2024-08-06 10:36:00,935 : INFO : EventManager : Event: ======'machine_var_python_version'====== Args={'value': '3.12.4', 'prev_value': None, 'change': True}
2024-08-06 10:36:01,108 : INFO : EventManager : Event: ======'machine_var_platform'====== Args={'value': 'Windows-11-10.0.22631-SP0', 'prev_value': None, 'change': True}
2024-08-06 10:36:01,108 : INFO : EventManager : Event: ======'machine_var_platform_system'====== Args={'value': 'Windows', 'prev_value': None, 'change': True}
2024-08-06 10:36:01,108 : INFO : EventManager : Event: ======'machine_var_platform_release'====== Args={'value': '11', 'prev_value': None, 'change': True}
2024-08-06 10:36:01,108 : INFO : EventManager : Event: ======'machine_var_platform_version'====== Args={'value': '10.0.22631', 'prev_value': None, 'change': True}
2024-08-06 10:36:01,108 : INFO : EventManager : Event: ======'machine_var_platform_machine'====== Args={'value': 'AMD64', 'prev_value': None, 'change': True}
2024-08-06 10:36:01,108 : INFO : EventManager : Event: ======'machine_var_log_file_path'====== Args={'value': 'C:\\dev\\mpf-cookiepuss\\logs\\2024-08-06-10-35-59-mpf-WIN-HGB6PEKP7M6.log', 'prev_value': None, 'change': True}
2024-08-06 10:36:01,108 : INFO : EventManager : Event: ======'init_phase_1'====== Args={}
2024-08-06 10:36:05,238 : WARNING : Machine : Iterating device collections directly is deprecated and will be removed. Access by value(): device_collections[switches] -> device_collections['switches'].values()
2024-08-06 10:36:05,238 : INFO : EventManager : Event: ======'init_phase_2'====== Args={}
2024-08-06 10:36:05,253 : INFO : ball_device.bd_trough : BCH: Initial count: 0
2024-08-06 10:36:05,253 : INFO : ball_device.bd_trough : State: idle
2024-08-06 10:36:05,253 : INFO : ball_device.bd_plunger : BCH: Initial count: 0
2024-08-06 10:36:05,253 : INFO : ball_device.bd_plunger : State: idle
2024-08-06 10:36:05,285 : INFO : EventManager : Event: ======'init_phase_3'====== Args={}
2024-08-06 10:36:05,285 : INFO : EventManager : Event: ======'init_phase_4'====== Args={}
2024-08-06 10:36:05,285 : INFO : BallController : Initial balls found: 0
2024-08-06 10:36:05,285 : INFO : EventManager : Event: ======'machine_var_audits_events_game_ended'====== Args={'value': 8, 'prev_value': None, 'change': True}
2024-08-06 10:36:05,285 : INFO : EventManager : Event: ======'machine_var_audits_events_game_started'====== Args={'value': 29, 'prev_value': None, 'change': True}
2024-08-06 10:36:05,285 : INFO : EventManager : Event: ======'machine_var_audits_missing_switches_s_left_inlane'====== Args={'value': 14, 'prev_value': None, 'change': True}
2024-08-06 10:36:05,285 : INFO : EventManager : Event: ======'machine_var_audits_missing_switches_s_left_outlane'====== Args={'value': 14, 'prev_value': None, 'change': True}
2024-08-06 10:36:05,285 : INFO : EventManager : Event: ======'machine_var_audits_missing_switches_s_start'====== Args={'value': 14, 'prev_value': None, 'change': True}
2024-08-06 10:36:05,285 : INFO : EventManager : Event: ======'machine_var_audits_player_score'====== Args={'value': {'average': 483, 'top': [1525, 550, 475, 425, 400, 300, 125, 75], 'total': 8}, 'prev_value': None, 'change': True}
2024-08-06 10:36:05,285 : INFO : EventManager : Event: ======'machine_var_audits_switches_s_left_flipper'====== Args={'value': 294, 'prev_value': None, 'change': True}
2024-08-06 10:36:05,285 : INFO : EventManager : Event: ======'machine_var_audits_switches_s_left_inlane'====== Args={'value': 25, 'prev_value': None, 'change': True}
2024-08-06 10:36:05,285 : INFO : EventManager : Event: ======'machine_var_audits_switches_s_left_outlane'====== Args={'value': 18, 'prev_value': None, 'change': True}
2024-08-06 10:36:05,285 : INFO : EventManager : Event: ======'machine_var_audits_switches_s_left_slingshot'====== Args={'value': 48, 'prev_value': None, 'change': True}
2024-08-06 10:36:05,285 : INFO : EventManager : Event: ======'machine_var_audits_switches_s_plunger'====== Args={'value': 148, 'prev_value': None, 'change': True}
2024-08-06 10:36:05,285 : INFO : EventManager : Event: ======'machine_var_audits_switches_s_right_flipper'====== Args={'value': 415, 'prev_value': None, 'change': True}
2024-08-06 10:36:05,285 : INFO : EventManager : Event: ======'machine_var_audits_switches_s_right_inlane'====== Args={'value': 22, 'prev_value': None, 'change': True}
2024-08-06 10:36:05,285 : INFO : EventManager : Event: ======'machine_var_audits_switches_s_right_lower_pop'====== Args={'value': 54, 'prev_value': None, 'change': True}
2024-08-06 10:36:05,300 : INFO : EventManager : Event: ======'machine_var_audits_switches_s_right_outlane'====== Args={'value': 16, 'prev_value': None, 'change': True}
2024-08-06 10:36:05,300 : INFO : EventManager : Event: ======'machine_var_audits_switches_s_right_slingshot'====== Args={'value': 58, 'prev_value': None, 'change': True}
2024-08-06 10:36:05,300 : INFO : EventManager : Event: ======'machine_var_audits_switches_s_start'====== Args={'value': 6, 'prev_value': None, 'change': True}
2024-08-06 10:36:05,300 : INFO : EventManager : Event: ======'machine_var_audits_switches_s_top_right_flipper'====== Args={'value': 308, 'prev_value': None, 'change': True}
2024-08-06 10:36:05,300 : INFO : EventManager : Event: ======'machine_var_audits_switches_s_trough1'====== Args={'value': 74, 'prev_value': None, 'change': True}
2024-08-06 10:36:05,300 : INFO : EventManager : Event: ======'machine_var_audits_switches_s_trough2'====== Args={'value': 94, 'prev_value': None, 'change': True}
2024-08-06 10:36:05,300 : INFO : EventManager : Event: ======'machine_var_audits_switches_s_trough3'====== Args={'value': 53, 'prev_value': None, 'change': True}
2024-08-06 10:36:05,300 : INFO : EventManager : Event: ======'machine_var_audits_switches_s_trough4'====== Args={'value': 55, 'prev_value': None, 'change': True}
2024-08-06 10:36:05,300 : INFO : EventManager : Event: ======'machine_var_audits_switches_s_trough5'====== Args={'value': 55, 'prev_value': None, 'change': True}
2024-08-06 10:36:05,300 : INFO : EventManager : Event: ======'machine_var_audits_switches_s_trough6'====== Args={'value': 54, 'prev_value': None, 'change': True}
2024-08-06 10:36:05,300 : INFO : EventManager : Event: ======'machine_var_audits_switches_s_trough_jam'====== Args={'value': 81, 'prev_value': None, 'change': True}
2024-08-06 10:36:05,300 : INFO : EventManager : Event: ======'init_phase_5'====== Args={}
2024-08-06 10:36:05,394 : INFO : EventManager : Event: ======'init_done'====== Args={}
2024-08-06 10:36:05,394 : INFO : EventManager : Event: ======'machine_reset_phase_1'====== Args={}
2024-08-06 10:36:05,394 : INFO : EventManager : Event: ======'machine_reset_phase_2'====== Args={}
2024-08-06 10:36:05,394 : INFO : EventManager : Event: ======'machine_reset_phase_3'====== Args={}
2024-08-06 10:36:05,394 : INFO : EventManager : Event: ======'reset_complete'====== Args={}
2024-08-06 10:36:05,394 : INFO : EventManager : Event: ======'mode_attract_will_start'====== Args={}
2024-08-06 10:36:05,394 : INFO : EventManager : Event: ======'mode_attract_starting'====== Args={}
2024-08-06 10:36:05,394 : INFO : Mode.attract : Started. Priority: 10
2024-08-06 10:36:05,394 : INFO : EventManager : Event: ======'modes_active_modes_changed'====== Args={}
2024-08-06 10:36:05,394 : INFO : EventManager : Event: ======'mode_attract_started'====== Args={}
2024-08-06 10:36:05,394 : INFO : EventManager : Event: ======'collecting_balls_complete'====== Args={}
2024-08-06 10:36:05,442 : INFO : Machine : Starting the main run loop.
2024-08-06 10:36:08,504 : INFO : SwitchController : <<<<<<< 's_left_flipper' active >>>>>>>
2024-08-06 10:36:08,802 : INFO : SwitchController : <<<<<<< 's_left_flipper' inactive >>>>>>>
2024-08-06 10:36:09,006 : INFO : SwitchController : <<<<<<< 's_left_flipper' active >>>>>>>
2024-08-06 10:36:09,226 : INFO : SwitchController : <<<<<<< 's_left_flipper' inactive >>>>>>>
2024-08-06 10:36:09,540 : INFO : SwitchController : <<<<<<< 's_left_flipper' active >>>>>>>
2024-08-06 10:36:09,713 : INFO : SwitchController : <<<<<<< 's_left_flipper' inactive >>>>>>>
2024-08-06 10:37:56,252 : INFO : Machine : Shutting down...
2024-08-06 10:37:56,252 : INFO : EventManager : Event: ======'shutdown'====== Args={}
2024-08-06 10:37:56,362 : INFO : root : MPF run loop ended.
