2024-08-08 12:01:14,115 : INFO : root : Loading config.
2024-08-08 12:01:14,131 : INFO : YamlMultifileConfigLoader : Machine config file #1: config.yaml
2024-08-08 12:01:14,131 : WARNING : ConfigProcessor : Config file in cache changed: C:\dev\mpf-cookiepuss\config\config.yaml
2024-08-08 12:01:14,131 : INFO : ConfigProcessor : Loading config from file C:\Users\Administrator\AppData\Local\Programs\Python\Python312\Lib\site-packages\mpf\mpfconfig.yaml.
2024-08-08 12:01:14,178 : INFO : ConfigProcessor : Loading config: C:\Users\Administrator\AppData\Local\Programs\Python\Python312\Lib\site-packages\mpf\mpfconfig.yaml
2024-08-08 12:01:14,178 : INFO : ConfigProcessor : Loading config from file C:\dev\mpf-cookiepuss\config\config.yaml.
2024-08-08 12:01:14,194 : INFO : ConfigProcessor : Loading config: C:\dev\mpf-cookiepuss\config\config.yaml
2024-08-08 12:01:14,194 : ERROR : ConfigProcessor : Config section 'slides' is removed in MPF 0.80 and will be ignored.
2024-08-08 12:01:14,205 : INFO : ConfigProcessor : Config file cache created: C:\Users\ADMINI~1\AppData\Local\Temp\d93f11098da03acf313c0066368a80b1.mpf_cache
2024-08-08 12:01:14,539 : INFO : ConfigProcessor : Loading config from cache: C:\Users\ADMINI~1\AppData\Local\Temp\0bcb37c30ff47ef8ec2169c2e41eeddb.mpf_cache
2024-08-08 12:01:14,539 : INFO : ConfigProcessor : Loading config from cache: C:\Users\ADMINI~1\AppData\Local\Temp\f558dafc0148e68b941b469aaf97a31f.mpf_cache
2024-08-08 12:01:14,554 : INFO : ConfigProcessor : Loading config from cache: C:\Users\ADMINI~1\AppData\Local\Temp\f5cace07203beba71e997aa2de21342e.mpf_cache
2024-08-08 12:01:14,554 : INFO : Machine : Mission Pinball Framework Core Engine v0.80.0.dev4
2024-08-08 12:01:14,554 : INFO : Machine : Command line arguments: {'no_load_cache': False, 'create_config_cache': True, 'bcp': False, 'configfile': ['config.yaml'], 'force_assets_load': False, 'platform_integration_test': False, 'jsonlogging': False, 'logfile': 'logs\\2024-08-08-12-01-14-mpf-WIN-HGB6PEKP7M6.log', 'pause': False, 'production': False, 'text_ui': True, 'loglevel': 15, 'consoleloglevel': 20, 'force_platform': None, 'syslog_address': None, 'mc_file_name': None, 'no_sound': False, 'full_logfile_path': 'C:\\dev\\mpf-cookiepuss\\logs\\2024-08-08-12-01-14-mpf-WIN-HGB6PEKP7M6.log'}
2024-08-08 12:01:14,554 : INFO : Machine : MPF path: C:\Users\Administrator\AppData\Local\Programs\Python\Python312\Lib\site-packages\mpf
2024-08-08 12:01:14,554 : INFO : Machine : Machine path: C:\dev\mpf-cookiepuss
2024-08-08 12:01:14,554 : INFO : Machine : Platform: win32
2024-08-08 12:01:14,554 : INFO : Machine : Python executable location: C:\Users\Administrator\AppData\Local\Programs\Python\Python312\python.exe
2024-08-08 12:01:14,554 : INFO : Machine : Python version: 3.12.4 (64-bit)
2024-08-08 12:01:14,554 : INFO : Machine : Initializing MPF...
2024-08-08 12:01:15,211 : INFO : FAST : Auto-detecting ports for the following connections: ['net']
2024-08-08 12:01:15,273 : INFO : FAST : Detected NET on port COM6
2024-08-08 12:01:15,383 : INFO : FAST [NET] : Trying to connect to COM6 at 921600bps
2024-08-08 12:01:15,398 : INFO : FAST [NET] : Connected to COM6 at 921600bps
2024-08-08 12:01:15,414 : INFO : FAST [NET] : Connected to FP-CPU-2000 with firmware v02.13
2024-08-08 12:01:15,445 : INFO : FAST [NET] : Registered I/O Board 0: Model: FP-I/O-0024, Firmware: 01.10, Switches: 24, Drivers: 8
2024-08-08 12:01:15,461 : INFO : FAST [NET] : Registered I/O Board 1: Model: FP-I/O-3208, Firmware: 01.10, Switches: 32, Drivers: 8
2024-08-08 12:01:15,461 : INFO : FAST [NET] : Registered I/O Board 2: Model: FP-I/O-0804, Firmware: 01.09, Switches: 8, Drivers: 4
2024-08-08 12:01:15,461 : INFO : EventManager : Event: ======'machine_var_credits_string'====== Args={'value': 'FREE PLAY', 'prev_value': None, 'change': True}
2024-08-08 12:01:15,539 : INFO : EventManager : Event: ======'machine_var_master_volume'====== Args={'value': 0.5, 'prev_value': None, 'change': True}
2024-08-08 12:01:15,539 : INFO : EventManager : Event: ======'machine_var_player1_score'====== Args={'value': 46225, 'prev_value': None, 'change': True}
2024-08-08 12:01:15,539 : INFO : EventManager : Event: ======'machine_var_mpf_version'====== Args={'value': 'Mission Pinball Framework v0.80.0.dev4', 'prev_value': None, 'change': True}
2024-08-08 12:01:15,539 : INFO : EventManager : Event: ======'machine_var_mpf_extended_version'====== Args={'value': 'Mission Pinball Framework v0.80.0.dev4, Config version:6, Show version: 6, BCP version:1.1', 'prev_value': None, 'change': True}
2024-08-08 12:01:15,539 : INFO : EventManager : Event: ======'machine_var_python_version'====== Args={'value': '3.12.4', 'prev_value': None, 'change': True}
2024-08-08 12:01:15,727 : INFO : EventManager : Event: ======'machine_var_platform'====== Args={'value': 'Windows-11-10.0.22631-SP0', 'prev_value': None, 'change': True}
2024-08-08 12:01:15,727 : INFO : EventManager : Event: ======'machine_var_platform_system'====== Args={'value': 'Windows', 'prev_value': None, 'change': True}
2024-08-08 12:01:15,727 : INFO : EventManager : Event: ======'machine_var_platform_release'====== Args={'value': '11', 'prev_value': None, 'change': True}
2024-08-08 12:01:15,727 : INFO : EventManager : Event: ======'machine_var_platform_version'====== Args={'value': '10.0.22631', 'prev_value': None, 'change': True}
2024-08-08 12:01:15,727 : INFO : EventManager : Event: ======'machine_var_platform_machine'====== Args={'value': 'AMD64', 'prev_value': None, 'change': True}
2024-08-08 12:01:15,727 : INFO : EventManager : Event: ======'machine_var_log_file_path'====== Args={'value': 'C:\\dev\\mpf-cookiepuss\\logs\\2024-08-08-12-01-14-mpf-WIN-HGB6PEKP7M6.log', 'prev_value': None, 'change': True}
2024-08-08 12:01:15,727 : INFO : EventManager : Event: ======'init_phase_1'====== Args={}
2024-08-08 12:01:19,984 : INFO : Machine : Starting the main run loop.
2024-08-08 12:01:19,984 : INFO : Machine : Shutting down...
2024-08-08 12:01:19,984 : INFO : EventManager : Event: ======'shutdown'====== Args={}
2024-08-08 12:01:19,984 : WARNING : Machine : Iterating device collections directly is deprecated and will be removed. Access by value(): device_collections[switches] -> device_collections['switches'].values()
2024-08-08 12:01:19,984 : INFO : SwitchController : <<<<<<< 's_trough1' active >>>>>>>
2024-08-08 12:01:19,984 : INFO : SwitchController : <<<<<<< 's_plunger' active >>>>>>>
2024-08-08 12:01:20,000 : INFO : EventManager : Event: ======'init_phase_2'====== Args={}
2024-08-08 12:01:20,000 : INFO : SwitchController : Found active switch: (24, [FAST Platform Interface]) <switch.s_trough1>
2024-08-08 12:01:20,000 : INFO : SwitchController : Found active switch: (31, [FAST Platform Interface]) <switch.s_plunger>
2024-08-08 12:01:20,500 : INFO : ball_device.bd_trough : BCH: Initial count: 1
2024-08-08 12:01:20,500 : INFO : ball_device.bd_trough : State: idle
2024-08-08 12:01:20,500 : INFO : ball_device.bd_plunger : BCH: Initial count: 1
2024-08-08 12:01:20,500 : INFO : ball_device.bd_plunger : State: idle
2024-08-08 12:01:20,531 : INFO : EventManager : Event: ======'init_phase_3'====== Args={}
2024-08-08 12:01:20,531 : INFO : EventManager : Event: ======'init_phase_4'====== Args={}
2024-08-08 12:01:20,531 : INFO : BallController : Initial balls found: 2
2024-08-08 12:01:20,531 : INFO : EventManager : Event: ======'machine_var_audits_events_game_ended'====== Args={'value': 11, 'prev_value': None, 'change': True}
2024-08-08 12:01:20,531 : INFO : EventManager : Event: ======'machine_var_audits_events_game_started'====== Args={'value': 34, 'prev_value': None, 'change': True}
2024-08-08 12:01:20,531 : INFO : EventManager : Event: ======'machine_var_audits_missing_switches_s_left_outlane'====== Args={'value': 2, 'prev_value': None, 'change': True}
2024-08-08 12:01:20,531 : INFO : EventManager : Event: ======'machine_var_audits_missing_switches_s_right_outlane'====== Args={'value': 1, 'prev_value': None, 'change': True}
2024-08-08 12:01:20,531 : INFO : EventManager : Event: ======'machine_var_audits_missing_switches_s_start'====== Args={'value': 1, 'prev_value': None, 'change': True}
2024-08-08 12:01:20,531 : INFO : EventManager : Event: ======'machine_var_audits_player_score'====== Args={'value': {'average': 7891, 'top': [46225, 25350, 11375, 1525, 550, 475, 425, 400, 300, 125], 'total': 11}, 'prev_value': None, 'change': True}
2024-08-08 12:01:20,531 : INFO : EventManager : Event: ======'machine_var_audits_switches_s_captive_ball'====== Args={'value': 80, 'prev_value': None, 'change': True}
2024-08-08 12:01:20,531 : INFO : EventManager : Event: ======'machine_var_audits_switches_s_left_flipper'====== Args={'value': 403, 'prev_value': None, 'change': True}
2024-08-08 12:01:20,531 : INFO : EventManager : Event: ======'machine_var_audits_switches_s_left_inlane'====== Args={'value': 31, 'prev_value': None, 'change': True}
2024-08-08 12:01:20,531 : INFO : EventManager : Event: ======'machine_var_audits_switches_s_left_outlane'====== Args={'value': 22, 'prev_value': None, 'change': True}
2024-08-08 12:01:20,531 : INFO : EventManager : Event: ======'machine_var_audits_switches_s_left_slingshot'====== Args={'value': 73, 'prev_value': None, 'change': True}
2024-08-08 12:01:20,531 : INFO : EventManager : Event: ======'machine_var_audits_switches_s_plunger'====== Args={'value': 171, 'prev_value': None, 'change': True}
2024-08-08 12:01:20,531 : INFO : EventManager : Event: ======'machine_var_audits_switches_s_right_flipper'====== Args={'value': 590, 'prev_value': None, 'change': True}
2024-08-08 12:01:20,531 : INFO : EventManager : Event: ======'machine_var_audits_switches_s_right_inlane'====== Args={'value': 38, 'prev_value': None, 'change': True}
2024-08-08 12:01:20,531 : INFO : EventManager : Event: ======'machine_var_audits_switches_s_right_lower_pop'====== Args={'value': 75, 'prev_value': None, 'change': True}
2024-08-08 12:01:20,546 : INFO : EventManager : Event: ======'machine_var_audits_switches_s_right_outlane'====== Args={'value': 19, 'prev_value': None, 'change': True}
2024-08-08 12:01:20,546 : INFO : EventManager : Event: ======'machine_var_audits_switches_s_right_slingshot'====== Args={'value': 103, 'prev_value': None, 'change': True}
2024-08-08 12:01:20,546 : INFO : EventManager : Event: ======'machine_var_audits_switches_s_start'====== Args={'value': 6, 'prev_value': None, 'change': True}
2024-08-08 12:01:20,546 : INFO : EventManager : Event: ======'machine_var_audits_switches_s_top_right_flipper'====== Args={'value': 470, 'prev_value': None, 'change': True}
2024-08-08 12:01:20,546 : INFO : EventManager : Event: ======'machine_var_audits_switches_s_trough1'====== Args={'value': 85, 'prev_value': None, 'change': True}
2024-08-08 12:01:20,546 : INFO : EventManager : Event: ======'machine_var_audits_switches_s_trough2'====== Args={'value': 114, 'prev_value': None, 'change': True}
2024-08-08 12:01:20,546 : INFO : EventManager : Event: ======'machine_var_audits_switches_s_trough3'====== Args={'value': 63, 'prev_value': None, 'change': True}
2024-08-08 12:01:20,546 : INFO : EventManager : Event: ======'machine_var_audits_switches_s_trough4'====== Args={'value': 65, 'prev_value': None, 'change': True}
2024-08-08 12:01:20,546 : INFO : EventManager : Event: ======'machine_var_audits_switches_s_trough5'====== Args={'value': 65, 'prev_value': None, 'change': True}
2024-08-08 12:01:20,546 : INFO : EventManager : Event: ======'machine_var_audits_switches_s_trough6'====== Args={'value': 64, 'prev_value': None, 'change': True}
2024-08-08 12:01:20,546 : INFO : EventManager : Event: ======'machine_var_audits_switches_s_trough_jam'====== Args={'value': 92, 'prev_value': None, 'change': True}
2024-08-08 12:01:20,546 : INFO : EventManager : Event: ======'init_phase_5'====== Args={}
2024-08-08 12:01:20,546 : INFO : EventManager : Event: ======'init_done'====== Args={}
2024-08-08 12:01:20,546 : INFO : EventManager : Event: ======'machine_reset_phase_1'====== Args={}
2024-08-08 12:01:20,546 : INFO : EventManager : Event: ======'machine_reset_phase_2'====== Args={}
2024-08-08 12:01:20,546 : INFO : EventManager : Event: ======'machine_reset_phase_3'====== Args={}
2024-08-08 12:01:20,546 : INFO : EventManager : Event: ======'reset_complete'====== Args={}
2024-08-08 12:01:20,546 : INFO : EventManager : Event: ======'mode_attract_will_start'====== Args={}
2024-08-08 12:01:20,546 : INFO : EventManager : Event: ======'mode_attract_starting'====== Args={}
2024-08-08 12:01:20,546 : INFO : Mode.attract : Will not start because machine is shutting down.
2024-08-08 12:01:21,093 : ERROR : asyncio : Task was destroyed but it is pending!
task: <Task pending name='Task-91' coro=<IocpProactor.accept.<locals>.accept_coro() running at C:\Users\Administrator\AppData\Local\Programs\Python\Python312\Lib\asyncio\windows_events.py:566> wait_for=<_OverlappedFuture cancelled>>
2024-08-08 12:01:21,093 : INFO : root : MPF run loop ended.
